This is pdfTeX, Version 3.141592653-2.6-1.40.25 (TeX Live 2023) (preloaded format=pdflatex 2023.5.22)  24 MAY 2023 11:38
entering extended mode
 restricted \write18 enabled.
 file:line:error style messages enabled.
 %&-line parsing enabled.
**d:/OPREL-Git/Alternate-Transactions-Articles-LaTeX-template/generic-color.tex
(d:/OPREL-Git/Alternate-Transactions-Articles-LaTeX-template/generic-color.tex
LaTeX2e <2022-11-01> patch level 1
L3 programming layer <2023-05-15> (./ieeecolor.cls

LaTeX Warning: You have requested document class `ieeecolor',
               but the document class provides `IEEEtran'.

Document Class: IEEEtran 2002/11/18 revision V1.6b by Michael Shell
-- See the "IEEEtran_HOWTO" manual for usage information.
-- The source comments contain changelog notes.
(c:/texlive/2023/texmf-dist/tex/latex/graphics/color.sty
Package: color 2022/01/06 v1.3d Standard LaTeX Color (DPC)
 (c:/texlive/2023/texmf-dist/tex/latex/graphics-cfg/color.cfg
File: color.cfg 2016/01/02 v1.6 sample color configuration
)
Package color Info: Driver file: pdftex.def on input line 149.
 (c:/texlive/2023/texmf-dist/tex/latex/graphics-def/pdftex.def
File: pdftex.def 2022/09/22 v1.2b Graphics/color driver for pdftex
) (c:/texlive/2023/texmf-dist/tex/latex/graphics/mathcolor.ltx))
\@draftversionrule=\dimen140
\@IEEEtrantmpdimenA=\dimen141
\@IEEEtrantmpdimenB=\dimen142
\@IEEEtrantmpcountA=\count185
\@IEEEtrantmpcountB=\count186
\@IEEEtrantmptoksA=\toks16
LaTeX Font Info:    Trying to load font information for OT1+ptm on input line 834.
 (c:/texlive/2023/texmf-dist/tex/latex/psnfss/ot1ptm.fd
File: ot1ptm.fd 2001/06/04 font definitions for OT1/ptm.
)
\@IEEEnormalsizefontbaselineskip=\skip48

-- This is a 10 point document.
\normalsizebaselineskip=\skip49
\normaljot=\skip50
LaTeX Font Info:    Font shape `OT1/ptm/bx/n' in size <5> not available
(Font)              Font shape `OT1/ptm/b/n' tried instead on input line 1180.
LaTeX Font Info:    Font shape `OT1/ptm/bx/it' in size <5> not available
(Font)              Font shape `OT1/ptm/b/it' tried instead on input line 1180.
LaTeX Font Info:    Font shape `OT1/ptm/bx/n' in size <7> not available
(Font)              Font shape `OT1/ptm/b/n' tried instead on input line 1180.
LaTeX Font Info:    Font shape `OT1/ptm/bx/it' in size <7> not available
(Font)              Font shape `OT1/ptm/b/it' tried instead on input line 1180.
LaTeX Font Info:    Font shape `OT1/ptm/bx/n' in size <8> not available
(Font)              Font shape `OT1/ptm/b/n' tried instead on input line 1180.
LaTeX Font Info:    Font shape `OT1/ptm/bx/it' in size <8> not available
(Font)              Font shape `OT1/ptm/b/it' tried instead on input line 1180.
LaTeX Font Info:    Font shape `OT1/ptm/bx/n' in size <9> not available
(Font)              Font shape `OT1/ptm/b/n' tried instead on input line 1180.
LaTeX Font Info:    Font shape `OT1/ptm/bx/it' in size <9> not available
(Font)              Font shape `OT1/ptm/b/it' tried instead on input line 1180.
LaTeX Font Info:    Font shape `OT1/ptm/bx/n' in size <10> not available
(Font)              Font shape `OT1/ptm/b/n' tried instead on input line 1180.
LaTeX Font Info:    Font shape `OT1/ptm/bx/it' in size <10> not available
(Font)              Font shape `OT1/ptm/b/it' tried instead on input line 1180.
LaTeX Font Info:    Font shape `OT1/ptm/bx/n' in size <11> not available
(Font)              Font shape `OT1/ptm/b/n' tried instead on input line 1180.
LaTeX Font Info:    Font shape `OT1/ptm/bx/it' in size <11> not available
(Font)              Font shape `OT1/ptm/b/it' tried instead on input line 1180.
LaTeX Font Info:    Font shape `OT1/ptm/bx/n' in size <12> not available
(Font)              Font shape `OT1/ptm/b/n' tried instead on input line 1180.
LaTeX Font Info:    Font shape `OT1/ptm/bx/it' in size <12> not available
(Font)              Font shape `OT1/ptm/b/it' tried instead on input line 1180.
LaTeX Font Info:    Font shape `OT1/ptm/bx/n' in size <17> not available
(Font)              Font shape `OT1/ptm/b/n' tried instead on input line 1180.
LaTeX Font Info:    Font shape `OT1/ptm/bx/it' in size <17> not available
(Font)              Font shape `OT1/ptm/b/it' tried instead on input line 1180.
LaTeX Font Info:    Font shape `OT1/ptm/bx/n' in size <20> not available
(Font)              Font shape `OT1/ptm/b/n' tried instead on input line 1180.
LaTeX Font Info:    Font shape `OT1/ptm/bx/it' in size <20> not available
(Font)              Font shape `OT1/ptm/b/it' tried instead on input line 1180.
LaTeX Font Info:    Font shape `OT1/ptm/bx/n' in size <24> not available
(Font)              Font shape `OT1/ptm/b/n' tried instead on input line 1180.
LaTeX Font Info:    Font shape `OT1/ptm/bx/it' in size <24> not available
(Font)              Font shape `OT1/ptm/b/it' tried instead on input line 1180.
\IEEEilabelindentA=\dimen143
\IEEEilabelindentB=\dimen144
\IEEEilabelindent=\dimen145
\IEEEelabelindent=\dimen146
\IEEEdlabelindent=\dimen147
\labelindent=\dimen148
\IEEEiednormlabelsep=\dimen149
\IEEEiedmathlabelsep=\dimen150
\IEEEiedtopsep=\skip51
\c@section=\count187
\c@subsection=\count188
\c@subsubsection=\count189
\c@paragraph=\count190
\c@IEEEsubequation=\count191
\abovecaptionskip=\skip52
\belowcaptionskip=\skip53
\figbox=\box51
\c@figure=\count192
\c@query=\count193
\c@qry=\count194
\c@nquery=\count195
\c@tquery=\count196
\c@equery=\count197
\c@eqry=\count198
\c@edquery=\count199
\c@etquery=\count266
\c@table=\count267
\@IEEEeqnnumcols=\count268
\@IEEEeqncolcnt=\count269
\firstpagerule=\skip54
\logowidth=\skip55
\@IEEEtmpitemindent=\dimen151
\c@biography=\count270
\c@edbiography=\count271
LaTeX Info: Redefining \sf on input line 4869.
\@IEEEtranrubishbin=\box52
) (./generic.sty) (c:/texlive/2023/texmf-dist/tex/latex/cite/cite.sty
LaTeX Info: Redefining \cite on input line 302.
LaTeX Info: Redefining \nocite on input line 332.
Package: cite 2015/02/27  v 5.5
) (c:/texlive/2023/texmf-dist/tex/latex/amsmath/amsmath.sty
Package: amsmath 2022/04/08 v2.17n AMS math features
\@mathmargin=\skip56

For additional information on amsmath, use the `?' option.
(c:/texlive/2023/texmf-dist/tex/latex/amsmath/amstext.sty
Package: amstext 2021/08/26 v2.01 AMS text
 (c:/texlive/2023/texmf-dist/tex/latex/amsmath/amsgen.sty
File: amsgen.sty 1999/11/30 v2.0 generic functions
\@emptytoks=\toks17
\ex@=\dimen152
)) (c:/texlive/2023/texmf-dist/tex/latex/amsmath/amsbsy.sty
Package: amsbsy 1999/11/29 v1.2d Bold Symbols
\pmbraise@=\dimen153
) (c:/texlive/2023/texmf-dist/tex/latex/amsmath/amsopn.sty
Package: amsopn 2022/04/08 v2.04 operator names
)
\inf@bad=\count272
LaTeX Info: Redefining \frac on input line 234.
\uproot@=\count273
\leftroot@=\count274
LaTeX Info: Redefining \overline on input line 399.
LaTeX Info: Redefining \colon on input line 410.
\classnum@=\count275
\DOTSCASE@=\count276
LaTeX Info: Redefining \ldots on input line 496.
LaTeX Info: Redefining \dots on input line 499.
LaTeX Info: Redefining \cdots on input line 620.
\Mathstrutbox@=\box53
\strutbox@=\box54
LaTeX Info: Redefining \big on input line 722.
LaTeX Info: Redefining \Big on input line 723.
LaTeX Info: Redefining \bigg on input line 724.
LaTeX Info: Redefining \Bigg on input line 725.
\big@size=\dimen154
LaTeX Font Info:    Redeclaring font encoding OML on input line 743.
LaTeX Font Info:    Redeclaring font encoding OMS on input line 744.
\macc@depth=\count277
LaTeX Info: Redefining \bmod on input line 905.
LaTeX Info: Redefining \pmod on input line 910.
LaTeX Info: Redefining \smash on input line 940.
LaTeX Info: Redefining \relbar on input line 970.
LaTeX Info: Redefining \Relbar on input line 971.
\c@MaxMatrixCols=\count278
\dotsspace@=\muskip16
\c@parentequation=\count279
\dspbrk@lvl=\count280
\tag@help=\toks18
\row@=\count281
\column@=\count282
\maxfields@=\count283
\andhelp@=\toks19
\eqnshift@=\dimen155
\alignsep@=\dimen156
\tagshift@=\dimen157
\tagwidth@=\dimen158
\totwidth@=\dimen159
\lineht@=\dimen160
\@envbody=\toks20
\multlinegap=\skip57
\multlinetaggap=\skip58
\mathdisplay@stack=\toks21
LaTeX Info: Redefining \[ on input line 2953.
LaTeX Info: Redefining \] on input line 2954.
) (c:/texlive/2023/texmf-dist/tex/latex/amsfonts/amssymb.sty
Package: amssymb 2013/01/14 v3.01 AMS font symbols
 (c:/texlive/2023/texmf-dist/tex/latex/amsfonts/amsfonts.sty
Package: amsfonts 2013/01/14 v3.01 Basic AMSFonts support
\symAMSa=\mathgroup4
\symAMSb=\mathgroup5
LaTeX Font Info:    Redeclaring math symbol \hbar on input line 98.
LaTeX Font Info:    Overwriting math alphabet `\mathfrak' in version `bold'
(Font)                  U/euf/m/n --> U/euf/b/n on input line 106.
)) (c:/texlive/2023/texmf-dist/tex/latex/algorithms/algorithmic.sty
Package: algorithmic 2009/08/24 v0.1 Document Style `algorithmic'
 (c:/texlive/2023/texmf-dist/tex/latex/base/ifthen.sty
Package: ifthen 2022/04/13 v1.1d Standard LaTeX ifthen package (DPC)
) (c:/texlive/2023/texmf-dist/tex/latex/graphics/keyval.sty
Package: keyval 2022/05/29 v1.15 key=value parser (DPC)
\KV@toks@=\toks22
)
\c@ALC@unique=\count284
\c@ALC@line=\count285
\c@ALC@rem=\count286
\c@ALC@depth=\count287
\ALC@tlm=\skip59
\algorithmicindent=\skip60
) (c:/texlive/2023/texmf-dist/tex/latex/graphics/graphicx.sty
Package: graphicx 2021/09/16 v1.2d Enhanced LaTeX Graphics (DPC,SPQR)
 (c:/texlive/2023/texmf-dist/tex/latex/graphics/graphics.sty
Package: graphics 2022/03/10 v1.4e Standard LaTeX Graphics (DPC,SPQR)
 (c:/texlive/2023/texmf-dist/tex/latex/graphics/trig.sty
Package: trig 2021/08/11 v1.11 sin cos tan (DPC)
) (c:/texlive/2023/texmf-dist/tex/latex/graphics-cfg/graphics.cfg
File: graphics.cfg 2016/06/04 v1.11 sample graphics configuration
)
Package graphics Info: Driver file: pdftex.def on input line 107.
)
\Gin@req@height=\dimen161
\Gin@req@width=\dimen162
) (c:/texlive/2023/texmf-dist/tex/latex/base/textcomp.sty
Package: textcomp 2020/02/02 v2.0n Standard LaTeX package
) (c:/texlive/2023/texmf-dist/tex/latex/l3backend/l3backend-pdftex.def
File: l3backend-pdftex.def 2023-04-19 L3 backend support: PDF output (pdfTeX)
\l__color_backend_stack_int=\count288
\l__pdf_internal_box=\box55
) (./generic-color.aux)
\openout1 = `generic-color.aux'.

LaTeX Font Info:    Checking defaults for OML/cmm/m/it on input line 12.
LaTeX Font Info:    ... okay on input line 12.
LaTeX Font Info:    Checking defaults for OMS/cmsy/m/n on input line 12.
LaTeX Font Info:    ... okay on input line 12.
LaTeX Font Info:    Checking defaults for OT1/cmr/m/n on input line 12.
LaTeX Font Info:    ... okay on input line 12.
LaTeX Font Info:    Checking defaults for T1/cmr/m/n on input line 12.
LaTeX Font Info:    ... okay on input line 12.
LaTeX Font Info:    Checking defaults for TS1/cmr/m/n on input line 12.
LaTeX Font Info:    ... okay on input line 12.
LaTeX Font Info:    Checking defaults for OMX/cmex/m/n on input line 12.
LaTeX Font Info:    ... okay on input line 12.
LaTeX Font Info:    Checking defaults for U/cmr/m/n on input line 12.
LaTeX Font Info:    ... okay on input line 12.
 (c:/texlive/2023/texmf-dist/tex/context/base/mkii/supp-pdf.mkii
[Loading MPS to PDF converter (version 2006.09.02).]
\scratchcounter=\count289
\scratchdimen=\dimen163
\scratchbox=\box56
\nofMPsegments=\count290
\nofMParguments=\count291
\everyMPshowfont=\toks23
\MPscratchCnt=\count292
\MPscratchDim=\dimen164
\MPnumerator=\count293
\makeMPintoPDFobject=\count294
\everyMPtoPDFconversion=\toks24
) (c:/texlive/2023/texmf-dist/tex/latex/epstopdf-pkg/epstopdf-base.sty
Package: epstopdf-base 2020-01-24 v2.11 Base part for package epstopdf
Package epstopdf-base Info: Redefining graphics rule for `.eps' on input line 485.
 (c:/texlive/2023/texmf-dist/tex/latex/latexconfig/epstopdf-sys.cfg
File: epstopdf-sys.cfg 2010/07/13 v1.3 Configuration of (r)epstopdf for TeX Live
))
Package color Info: Redefining color nblue on input line 32.
Package color Info: Redefining color mblue on input line 32.
LaTeX Font Info:    Trying to load font information for OT1+phv on input line 32.
 (c:/texlive/2023/texmf-dist/tex/latex/psnfss/ot1phv.fd
File: ot1phv.fd 2020/03/25 scalable font definitions for OT1/phv.
)
LaTeX Font Info:    Font shape `OT1/phv/m/it' in size <11> not available
(Font)              Font shape `OT1/phv/m/sl' tried instead on input line 32.
Package color Info: Redefining color nblue on input line 32.
Package color Info: Redefining color mblue on input line 32.
LaTeX Font Info:    Trying to load font information for U+msa on input line 32.
 (c:/texlive/2023/texmf-dist/tex/latex/amsfonts/umsa.fd
File: umsa.fd 2013/01/14 v3.01 AMS symbols A
)
LaTeX Font Info:    Trying to load font information for U+msb on input line 32.
 (c:/texlive/2023/texmf-dist/tex/latex/amsfonts/umsb.fd
File: umsb.fd 2013/01/14 v3.01 AMS symbols B
)
Package color Info: Redefining color nblue on input line 34.
Package color Info: Redefining color mblue on input line 34.
LaTeX Font Info:    Font shape `OT1/phv/b/it' in size <9> not available
(Font)              Font shape `OT1/phv/b/sl' tried instead on input line 34.
Package color Info: Redefining color nblue on input line 57.
Package color Info: Redefining color mblue on input line 57.

Overfull \hbox (10.85089pt too wide) in paragraph at lines 57--62
[]$
 []

LaTeX Font Info:    Trying to load font information for T1+phv on input line 64.
(c:/texlive/2023/texmf-dist/tex/latex/psnfss/t1phv.fd
File: t1phv.fd 2020/03/25 scalable font definitions for T1/phv.
)
Underfull \hbox (badness 8019) in paragraph at lines 66--75
\OT1/ptm/m/n/10 Web site at $[]$
 []


Underfull \hbox (badness 6445) in paragraph at lines 66--75
\OT1/ptm/m/n/10 so you can use it to pre-pare your manuscript. If
 []


Underfull \hbox (badness 7851) in paragraph at lines 66--75
\OT1/ptm/m/n/10 you would pre-fer to use La-TeX, down-load IEEE's
 []


Underfull \hbox (badness 6300) in paragraph at lines 66--75
\OT1/ptm/m/n/10 La-TeX style and sam-ple files from the same Web
 []


Underfull \hbox (badness 10000) in paragraph at lines 66--75
[]$
 []


Underfull \hbox (badness 10000) in paragraph at lines 66--75
[]$
 []

LaTeX Font Info:    Font shape `OT1/phv/m/it' in size <10> not available
(Font)              Font shape `OT1/phv/m/sl' tried instead on input line 83.
Package epstopdf Info: Source file: <LOGO-generic-web.eps>
(epstopdf)                    date: 2023-05-23 13:49:18
(epstopdf)                    size: 96860 bytes
(epstopdf)             Output file: <LOGO-generic-web-eps-converted-to.pdf>
(epstopdf)                    date: 2023-05-24 11:38:32
(epstopdf)                    size: 6682 bytes
(epstopdf)             Command: <repstopdf --outfile=LOGO-generic-web-eps-converted-to.pdf LOGO-generic-web.eps>
(epstopdf)             \includegraphics on input line 118.
Package epstopdf Info: Output file is already uptodate.
<LOGO-generic-web-eps-converted-to.pdf, id=1, 55.20625pt x 34.1275pt>
File: LOGO-generic-web-eps-converted-to.pdf Graphic file (type pdf)
<use LOGO-generic-web-eps-converted-to.pdf>
Package pdftex.def Info: LOGO-generic-web-eps-converted-to.pdf  used on input line 118.
(pdftex.def)             Requested size: 48.0pt x 29.674pt.

Overfull \hbox (259.0pt too wide) has occurred while \output is active
[][] 
 []


Overfull \hbox (12.0pt too wide) has occurred while \output is active
[] [] [] 
 []


Underfull \hbox (badness 10000) has occurred while \output is active
[]
 []


Overfull \vbox (24.05351pt too high) has occurred while \output is active []

 [1{c:/texlive/2023/texmf-var/fonts/map/pdftex/updmap/pdftex.map}{c:/texlive/2023/texmf-dist/fonts/enc/dvips/base/8r.enc}


 <./LOGO-generic-web-eps-converted-to.pdf>]
LaTeX Font Info:    Font shape `OT1/phv/m/it' in size <7> not available
(Font)              Font shape `OT1/phv/m/sl' tried instead on input line 137.
LaTeX Font Info:    Trying to load font information for OT1+pcr on input line 139.
 (c:/texlive/2023/texmf-dist/tex/latex/psnfss/ot1pcr.fd
File: ot1pcr.fd 2001/06/04 font definitions for OT1/pcr.
)
LaTeX Font Info:    Trying to load font information for OMS+pcr on input line 181.
 (c:/texlive/2023/texmf-dist/tex/latex/psnfss/omspcr.fd
File: omspcr.fd 
)
LaTeX Font Info:    Font shape `OMS/pcr/m/n' in size <9> not available
(Font)              Font shape `OMS/cmsy/m/n' tried instead on input line 181.
LaTeX Font Info:    Font shape `OT1/pcr/m/it' in size <9> not available
(Font)              Font shape `OT1/pcr/m/sl' tried instead on input line 182.

Overfull \hbox (8.91965pt too wide) in paragraph at lines 178--185
 []
 []


Underfull \hbox (badness 10000) in paragraph at lines 178--185

 []

LaTeX Font Info:    Trying to load font information for TS1+ptm on input line 191.
(c:/texlive/2023/texmf-dist/tex/latex/psnfss/ts1ptm.fd
File: ts1ptm.fd 2001/06/04 font definitions for TS1/ptm.
)
<fig1.png, id=18, 249.3315pt x 189.22694pt>
File: fig1.png Graphic file (type png)
<use fig1.png>
Package pdftex.def Info: fig1.png  used on input line 220.
(pdftex.def)             Requested size: 252.0pt x 191.25339pt.

Underfull \hbox (badness 10000) in paragraph at lines 239--240
[]\OT1/ptm/m/n/10 A gen-eral IEEE styleguide is avail-able at
 []


Overfull \vbox (5.0pt too high) has occurred while \output is active []

 [2]
LaTeX Font Info:    Font shape `OT1/phv/m/it' in size <9> not available
(Font)              Font shape `OT1/phv/m/sl' tried instead on input line 250.
\width=\dimen165

Underfull \hbox (badness 2591) in paragraph at lines 295--296
[]\OT1/ptm/m/n/8 1 erg/(G$\OMS/cmsy/m/n/8 ^^A$\OT1/ptm/m/n/8 g) $\OT1/cmr/m/n/8 =$ \OT1/ptm/m/n/8 1 emu/g $\OMS/cmsy/m/n/8 !$ \OT1/ptm/m/n/8 1
 []


Overfull \hbox (5.0pt too wide) in paragraph at lines 269--329
[][]
 []


Overfull \vbox (5.0pt too high) has occurred while \output is active []

 [3

pdfTeX warning: pdflatex.exe: pop empty color page stack 0


pdfTeX warning: pdflatex.exe: pop empty color page stack 0


pdfTeX warning: pdflatex.exe: pop empty color page stack 0


pdfTeX warning: pdflatex.exe: pop empty color page stack 0


pdfTeX warning: pdflatex.exe: pop empty color page stack 0
 <./fig1.png (PNG copy)>]
Underfull \hbox (badness 2941) in paragraph at lines 378--383
\OT1/ptm/m/n/10 (red/green/blue) and CMYK (cyan/magenta/yellow/black).
 []


Underfull \hbox (badness 2469) in paragraph at lines 384--389
\OT1/ptm/m/n/10 color space. Grayscale im-ages should be sub-mit-ted in
 []


Overfull \vbox (5.0pt too high) has occurred while \output is active []

 [4]
LaTeX Font Info:    Trying to load font information for TS1+phv on input line 568.
 (c:/texlive/2023/texmf-dist/tex/latex/psnfss/ts1phv.fd
File: ts1phv.fd 2020/03/25 scalable font definitions for TS1/phv.
)
LaTeX Font Info:    Font shape `TS1/phv/m/it' in size <10> not available
(Font)              Font shape `TS1/phv/m/sl' tried instead on input line 568.

Underfull \hbox (badness 10000) in paragraph at lines 569--577
[]\OT1/ptm/m/n/10 Contributions to the Trans-ac-tions, Jour-nals, and
 []


Underfull \hbox (badness 1796) in paragraph at lines 569--577
\OT1/ptm/m/n/10 Let-ters may be sub-mit-ted elec-tron-i-cally on IEEE's on-
 []


Underfull \hbox (badness 10000) in paragraph at lines 569--577
\OT1/ptm/m/n/10 line manuscript sub-mis-sion and peer-review sys-tem,
 []


Underfull \hbox (badness 5832) in paragraph at lines 569--577
\OT1/ptm/m/n/10 Schol-arOne\TS1/ptm/m/n/10 ® \OT1/ptm/m/n/10 Manuscripts. You can get a list-ing of
 []


Underfull \hbox (badness 10000) in paragraph at lines 569--577
\OT1/ptm/m/n/10 the pub-li-ca-tions that par-tic-i-pate in Schol-arOne at
 []


Underfull \hbox (badness 10000) in paragraph at lines 569--577
[]$
 []


Overfull \vbox (5.0pt too high) has occurred while \output is active []

 [5]
Overfull \vbox (5.0pt too high) has occurred while \output is active []

 [6]
Underfull \hbox (badness 1817) in paragraph at lines 695--698
\OT1/ptm/m/n/10 J.K. Au-thor. (year, month). Ti-tle. pre-sented at ab-
 []


Underfull \hbox (badness 1521) in paragraph at lines 708--711
\OT1/ptm/m/n/10 day). Patent Num-ber [Type of medium]. Avail-able:
 []


Underfull \hbox (badness 2680) in paragraph at lines 732--733
[]\OT1/ptm/m/n/10 J. K. Au-thor, pri-vate com-mu-ni-ca-tion, Ab-brev.
 []


Underfull \hbox (badness 10000) in paragraph at lines 783--786
\OT1/ptm/m/n/8 Avail-able: $[]$.
 []


Underfull \hbox (badness 4254) in paragraph at lines 798--802
\OT1/ptm/m/n/8 nolo-gies de-ployed be-hind the fire-wall for cor-po-rate pro-duc-tiv-
 []


Underfull \hbox (badness 3386) in paragraph at lines 798--802
\OT1/ptm/m/n/8 ity. Pre-sented at INET96 An-nual Meet-ing. [On-line]. Avail-able:
 []


Underfull \hbox (badness 4673) in paragraph at lines 805--808
[]\OT1/ptm/m/n/8 Teralyzer. Lytera UG, Kirch-hain, Ger-many [On-line]. Avail-able:
 []


Underfull \hbox (badness 10000) in paragraph at lines 805--808
[]$\OT1/ptm/m/n/8 ,
 []


Overfull \vbox (5.0pt too high) has occurred while \output is active []

 [7]
<a1.png, id=53, 72.27pt x 90.3375pt>
File: a1.png Graphic file (type png)
<use a1.png>
Package pdftex.def Info: a1.png  used on input line 841.
(pdftex.def)             Requested size: 72.2709pt x 90.33864pt.
File: a1.png Graphic file (type png)
<use a1.png>
Package pdftex.def Info: a1.png  used on input line 841.
(pdftex.def)             Requested size: 72.2709pt x 90.33864pt.
<a2.png, id=56, 72.27pt x 90.3375pt>
File: a2.png Graphic file (type png)
<use a2.png>
Package pdftex.def Info: a2.png  used on input line 867.
(pdftex.def)             Requested size: 72.2709pt x 90.33864pt.
File: a2.png Graphic file (type png)
<use a2.png>
Package pdftex.def Info: a2.png  used on input line 867.
(pdftex.def)             Requested size: 72.2709pt x 90.33864pt.
LaTeX Font Info:    Font shape `OT1/phv/m/it' in size <8> not available
(Font)              Font shape `OT1/phv/m/sl' tried instead on input line 880.
<a3.png, id=59, 72.27pt x 90.3375pt>
File: a3.png Graphic file (type png)
<use a3.png>
Package pdftex.def Info: a3.png  used on input line 887.
(pdftex.def)             Requested size: 72.2709pt x 90.33864pt.
File: a3.png Graphic file (type png)
<use a3.png>
Package pdftex.def Info: a3.png  used on input line 887.
(pdftex.def)             Requested size: 72.2709pt x 90.33864pt.

Underfull \hbox (badness 1442) in paragraph at lines 887--904
\OT1/phv/m/n/8 de-gree in me-chan-i-cal en-gi-neer-ing from Na-
 []


Overfull \vbox (5.0pt too high) has occurred while \output is active []

 [8 <./a1.png> <./a2.png> <./a3.png>] (./generic-color.aux) ) 
Here is how much of TeX's memory you used:
 4090 strings out of 476097
 62477 string characters out of 5795129
 1879845 words of memory out of 5000000
 24375 multiletter control sequences out of 15000+600000
 596923 words of font info for 165 fonts, out of 8000000 for 9000
 1141 hyphenation exceptions out of 8191
 57i,19n,70p,698b,439s stack positions out of 10000i,1000n,20000p,200000b,200000s
<c:/texlive/2023/texmf-dist/fonts/type1/public/amsfonts/cm/cmmi10.pfb><c:/texlive/2023/texmf-dist/fonts/type1/public/amsfonts/cm/cmmi6.pfb><c:/texlive/2023/texmf-dist/fonts/type1/public/amsfonts/cm/cmmi7.pfb><c:/texlive/2023/texmf-dist/fonts/type1/public/amsfonts/cm/cmmi8.pfb><c:/texlive/2023/texmf-dist/fonts/type1/public/amsfonts/cm/cmr10.pfb><c:/texlive/2023/texmf-dist/fonts/type1/public/amsfonts/cm/cmr6.pfb><c:/texlive/2023/texmf-dist/fonts/type1/public/amsfonts/cm/cmr7.pfb><c:/texlive/2023/texmf-dist/fonts/type1/public/amsfonts/cm/cmr8.pfb><c:/texlive/2023/texmf-dist/fonts/type1/public/amsfonts/cm/cmsy10.pfb><c:/texlive/2023/texmf-dist/fonts/type1/public/amsfonts/cm/cmsy6.pfb><c:/texlive/2023/texmf-dist/fonts/type1/public/amsfonts/cm/cmsy7.pfb><c:/texlive/2023/texmf-dist/fonts/type1/public/amsfonts/cm/cmsy8.pfb><c:/texlive/2023/texmf-dist/fonts/type1/public/amsfonts/cm/cmsy9.pfb><c:/texlive/2023/texmf-dist/fonts/type1/urw/courier/ucrr8a.pfb><c:/texlive/2023/texmf-dist/fonts/type1/urw/courier/ucrro8a.pfb><c:/texlive/2023/texmf-dist/fonts/type1/urw/helvetic/uhvb8a.pfb><c:/texlive/2023/texmf-dist/fonts/type1/urw/helvetic/uhvbo8a.pfb><c:/texlive/2023/texmf-dist/fonts/type1/urw/helvetic/uhvr8a.pfb><c:/texlive/2023/texmf-dist/fonts/type1/urw/helvetic/uhvro8a.pfb><c:/texlive/2023/texmf-dist/fonts/type1/urw/times/utmb8a.pfb><c:/texlive/2023/texmf-dist/fonts/type1/urw/times/utmbi8a.pfb><c:/texlive/2023/texmf-dist/fonts/type1/urw/times/utmr8a.pfb><c:/texlive/2023/texmf-dist/fonts/type1/urw/times/utmri8a.pfb>
Output written on generic-color.pdf (8 pages, 531245 bytes).
PDF statistics:
 164 PDF objects out of 1000 (max. 8388607)
 95 compressed objects within 1 object stream
 0 named destinations out of 1000 (max. 500000)
 62 words of extra memory for PDF output out of 10000 (max. 10000000)

